\BOOKMARK [1][-]{section.0.1}{Introduction}{}
\BOOKMARK [1][-]{section.0.2}{Getting Started}{}
\BOOKMARK [2][-]{subsection.0.2.1}{Installing}{section.0.2}
\BOOKMARK [3][-]{section*.2}{Dependencies}{subsection.0.2.1}
\BOOKMARK [3][-]{section*.3}{Installing from PyPI}{subsection.0.2.1}
\BOOKMARK [3][-]{section*.4}{Installing from source}{subsection.0.2.1}
\BOOKMARK [2][-]{subsection.0.2.2}{Configuring}{section.0.2}
\BOOKMARK [1][-]{section.0.3}{Basic Usage}{}
\BOOKMARK [2][-]{subsection.0.3.1}{General Info}{section.0.3}
\BOOKMARK [2][-]{subsection.0.3.2}{Compute}{section.0.3}
\BOOKMARK [3][-]{section*.5}{Glossary}{subsection.0.3.2}
\BOOKMARK [3][-]{section*.6}{Listing Images}{subsection.0.3.2}
\BOOKMARK [3][-]{section*.7}{Listing Sizes}{subsection.0.3.2}
\BOOKMARK [3][-]{section*.8}{Node Creation}{subsection.0.3.2}
\BOOKMARK [3][-]{section*.9}{Listing Nodes}{subsection.0.3.2}
\BOOKMARK [3][-]{section*.10}{Operations on Individual Nodes}{subsection.0.3.2}
\BOOKMARK [2][-]{subsection.0.3.3}{Load Balancers}{section.0.3}
\BOOKMARK [3][-]{section*.11}{Glossary}{subsection.0.3.3}
\BOOKMARK [3][-]{section*.12}{Load Balancer Creation}{subsection.0.3.3}
\BOOKMARK [3][-]{section*.13}{Listing Load Balancers}{subsection.0.3.3}
\BOOKMARK [3][-]{section*.14}{Operations on Members}{subsection.0.3.3}
\BOOKMARK [3][-]{section*.15}{Destroying Load Balancer}{subsection.0.3.3}
\BOOKMARK [1][-]{section.0.4}{Provider Specific}{}
\BOOKMARK [2][-]{subsection.0.4.1}{GoGrid}{section.0.4}
\BOOKMARK [3][-]{section*.16}{Controlling IP Addresses}{subsection.0.4.1}
\BOOKMARK [3][-]{section*.17}{Creating a Sandbox Server}{subsection.0.4.1}
\BOOKMARK [3][-]{section*.18}{Creating an Image from Sandbox}{subsection.0.4.1}
\BOOKMARK [3][-]{section*.19}{Resizing a Node}{subsection.0.4.1}
\BOOKMARK [2][-]{subsection.0.4.2}{Rackspace}{section.0.4}
\BOOKMARK [3][-]{section*.20}{Checking Limits}{subsection.0.4.2}
